<?xml version="1.0" encoding="UTF-8"?>
<testsuite xmlns:xsi="http://www.w3.org/2001/XMLSchema-instance" xsi:noNamespaceSchemaLocation="https://maven.apache.org/surefire/maven-surefire-plugin/xsd/surefire-test-report.xsd" name="com.vilela.geraecpf.AppTest" time="0.019" tests="1" errors="0" skipped="0" failures="0">
  <properties>
    <property name="awt.toolkit" value="sun.awt.X11.XToolkit"/>
    <property name="java.specification.version" value="11"/>
    <property name="sun.cpu.isalist" value=""/>
    <property name="sun.jnu.encoding" value="UTF-8"/>
    <property name="java.class.path" value="/workspace/geraecpf/target/test-classes:/workspace/geraecpf/target/classes:/workspace/m2-repository/junit/junit/4.11/junit-4.11.jar:/workspace/m2-repository/org/hamcrest/hamcrest-core/1.3/hamcrest-core-1.3.jar:/workspace/m2-repository/org/bouncycastle/bcprov-jdk15on/1.57/bcprov-jdk15on-1.57.jar:/workspace/m2-repository/org/bouncycastle/bcmail-jdk15on/1.57/bcmail-jdk15on-1.57.jar:/workspace/m2-repository/org/bouncycastle/bcpkix-jdk15on/1.57/bcpkix-jdk15on-1.57.jar:/workspace/m2-repository/org/bouncycastle/bctls-jdk15on/1.57/bctls-jdk15on-1.57.jar:/workspace/m2-repository/org/bouncycastle/bcpg-jdk15on/1.57/bcpg-jdk15on-1.57.jar:"/>
    <property name="java.vm.vendor" value="Azul Systems, Inc."/>
    <property name="sun.arch.data.model" value="64"/>
    <property name="java.vendor.url" value="http://www.azul.com/"/>
    <property name="user.timezone" value=""/>
    <property name="java.vm.specification.version" value="11"/>
    <property name="os.name" value="Linux"/>
    <property name="sun.java.launcher" value="SUN_STANDARD"/>
    <property name="user.country" value="US"/>
    <property name="sun.boot.library.path" value="/home/gitpod/.sdkman/candidates/java/11.0.13.fx-zulu/lib"/>
    <property name="sun.java.command" value="/workspace/geraecpf/target/surefire/surefirebooter15934275397532828445.jar /workspace/geraecpf/target/surefire 2022-04-06T19-17-38_327-jvmRun1 surefire10708155346858795528tmp surefire_04781605248296840785tmp"/>
    <property name="jdk.debug" value="release"/>
    <property name="surefire.test.class.path" value="/workspace/geraecpf/target/test-classes:/workspace/geraecpf/target/classes:/workspace/m2-repository/junit/junit/4.11/junit-4.11.jar:/workspace/m2-repository/org/hamcrest/hamcrest-core/1.3/hamcrest-core-1.3.jar:/workspace/m2-repository/org/bouncycastle/bcprov-jdk15on/1.57/bcprov-jdk15on-1.57.jar:/workspace/m2-repository/org/bouncycastle/bcmail-jdk15on/1.57/bcmail-jdk15on-1.57.jar:/workspace/m2-repository/org/bouncycastle/bcpkix-jdk15on/1.57/bcpkix-jdk15on-1.57.jar:/workspace/m2-repository/org/bouncycastle/bctls-jdk15on/1.57/bctls-jdk15on-1.57.jar:/workspace/m2-repository/org/bouncycastle/bcpg-jdk15on/1.57/bcpg-jdk15on-1.57.jar:"/>
    <property name="sun.cpu.endian" value="little"/>
    <property name="user.home" value="/home/gitpod"/>
    <property name="user.language" value="en"/>
    <property name="java.specification.vendor" value="Oracle Corporation"/>
    <property name="java.version.date" value="2021-10-19"/>
    <property name="java.home" value="/home/gitpod/.sdkman/candidates/java/11.0.13.fx-zulu"/>
    <property name="file.separator" value="/"/>
    <property name="basedir" value="/workspace/geraecpf"/>
    <property name="java.vm.compressedOopsMode" value="Zero based"/>
    <property name="line.separator" value="&#10;"/>
    <property name="java.specification.name" value="Java Platform API Specification"/>
    <property name="java.vm.specification.vendor" value="Oracle Corporation"/>
    <property name="jdk.vendor.version" value="Zulu11.52+13-CA"/>
    <property name="java.awt.graphicsenv" value="sun.awt.X11GraphicsEnvironment"/>
    <property name="surefire.real.class.path" value="/workspace/geraecpf/target/surefire/surefirebooter15934275397532828445.jar"/>
    <property name="sun.management.compiler" value="HotSpot 64-Bit Tiered Compilers"/>
    <property name="java.runtime.version" value="11.0.13+8-LTS"/>
    <property name="user.name" value="gitpod"/>
    <property name="path.separator" value=":"/>
    <property name="os.version" value="5.16.14-051614-generic"/>
    <property name="java.runtime.name" value="OpenJDK Runtime Environment"/>
    <property name="file.encoding" value="UTF-8"/>
    <property name="java.vm.name" value="OpenJDK 64-Bit Server VM"/>
    <property name="java.vendor.version" value="Zulu11.52+13-CA"/>
    <property name="localRepository" value="/workspace/m2-repository"/>
    <property name="java.vendor.url.bug" value="http://www.azul.com/support/"/>
    <property name="java.io.tmpdir" value="/tmp"/>
    <property name="java.version" value="11.0.13"/>
    <property name="user.dir" value="/workspace/geraecpf"/>
    <property name="os.arch" value="amd64"/>
    <property name="java.vm.specification.name" value="Java Virtual Machine Specification"/>
    <property name="java.awt.printerjob" value="sun.print.PSPrinterJob"/>
    <property name="sun.os.patch.level" value="unknown"/>
    <property name="java.library.path" value="/usr/java/packages/lib:/usr/lib64:/lib64:/lib:/usr/lib"/>
    <property name="java.vm.info" value="mixed mode"/>
    <property name="java.vendor" value="Azul Systems, Inc."/>
    <property name="java.vm.version" value="11.0.13+8-LTS"/>
    <property name="sun.io.unicode.encoding" value="UnicodeLittle"/>
    <property name="java.class.version" value="55.0"/>
  </properties>
  <testcase name="shouldAnswerWithTrue" classname="com.vilela.geraecpf.AppTest" time="0.001"/>
</testsuite>